2023-08-04 16:50:40,347 NanoPlot 1.41.6 started with arguments Namespace(threads=4, verbose=False, store=False, raw=False, huge=False, outdir='fastq_stats/EM11/', no_static=False, prefix='', tsv_stats=False, info_in_report=False, maxlength=None, minlength=None, drop_outliers=False, downsample=None, loglength=False, percentqual=False, alength=False, minqual=None, runtime_until=None, readtype='1D', barcoded=False, no_supplementary=False, color='#4CB391', colormap='Greens', format=['png'], plots=['dot'], legacy=['hex'], listcolors=False, listcolormaps=False, no_N50=False, N50=False, title=None, font_scale=1, dpi=100, hide_stats=False, fastq=['data/nanopore/EM11_new_chemistry.fastq.gz'], fasta=None, fastq_rich=None, fastq_minimal=None, summary=None, bam=None, ubam=None, cram=None, pickle=None, feather=None, path='fastq_stats/EM11/')
2023-08-04 16:50:40,347 Python version is: 3.10.12 | packaged by conda-forge | (main, Jun 23 2023, 22:40:32) [GCC 12.3.0]
2023-08-04 16:50:40,353 Nanoget: Starting to collect statistics from plain fastq file.
2023-08-04 16:50:40,353 Nanoget: Decompressing gzipped fastq data/nanopore/EM11_new_chemistry.fastq.gz
2023-08-04 16:51:18,517 Reduced DataFrame memory usage from 2.9735565185546875Mb to 2.9735565185546875Mb
2023-08-04 16:51:18,528 Nanoget: Gathered all metrics of 194867 reads
2023-08-04 16:51:18,562 Calculated statistics
2023-08-04 16:51:18,562 Using sequenced read lengths for plotting.
2023-08-04 16:51:18,566 NanoPlot:  Valid color #4CB391.
2023-08-04 16:51:18,566 NanoPlot:  Valid colormap Greens.
2023-08-04 16:51:18,569 NanoPlot:  Creating length plots for Read length.
2023-08-04 16:51:18,569 NanoPlot:  Using 194867 reads maximum of 83709bp.
2023-08-04 16:51:18,938 Saved fastq_stats/EM11/WeightedHistogramReadlength  as png (or png for --legacy)
2023-08-04 16:51:19,279 Saved fastq_stats/EM11/WeightedLogTransformed_HistogramReadlength  as png (or png for --legacy)
2023-08-04 16:51:19,613 Saved fastq_stats/EM11/Non_weightedHistogramReadlength  as png (or png for --legacy)
2023-08-04 16:51:19,949 Saved fastq_stats/EM11/Non_weightedLogTransformed_HistogramReadlength  as png (or png for --legacy)
2023-08-04 16:51:20,540 Saved fastq_stats/EM11/Yield_By_Length  as png (or png for --legacy)
2023-08-04 16:51:20,540 Created length plots
2023-08-04 16:51:20,541 NanoPlot: Creating Read lengths vs Average read quality plots using 194867 reads.
2023-08-04 16:51:21,188 Saved fastq_stats/EM11/LengthvsQualityScatterPlot_dot  as png (or png for --legacy)
2023-08-04 16:51:21,263 Created LengthvsQual plot
2023-08-04 16:51:21,263 Writing html report.
2023-08-04 16:51:21,266 Finished!
